d:\workspace\c\teamproject\tp\debug\vc142.pdb
d:\workspace\c\teamproject\tp\debug\vc142.idb
d:\workspace\c\teamproject\tp\debug\sdl practice.obj
d:\workspace\c\teamproject\tp\debug\sdl image on screen.obj
d:\workspace\c\teamproject\tp\debug\viewport.obj
d:\workspace\c\teamproject\tp\debug\sdl key.obj
d:\workspace\c\teamproject\tp\debug\sdl texture&move.obj
d:\workspace\c\teamproject\tp\debug\testing.obj
d:\workspace\c\teamproject\tp\debug\tp.exe
d:\workspace\c\teamproject\tp\debug\tp.ilk
d:\workspace\c\teamproject\tp\debug\tp.pdb
d:\workspace\c\teamproject\tp\debug\tp.lib
d:\workspace\c\teamproject\tp\debug\tp.exp
d:\workspace\c\teamproject\tp\debug\sdl texture&viewport.obj
d:\workspace\c\teamproject\tp\debug\sdl texture.obj
d:\workspace\c\teamproject\tp\debug\tp.tlog\cl.command.1.tlog
d:\workspace\c\teamproject\tp\debug\tp.tlog\cl.read.1.tlog
d:\workspace\c\teamproject\tp\debug\tp.tlog\cl.write.1.tlog
d:\workspace\c\teamproject\tp\debug\tp.tlog\link.command.1.tlog
d:\workspace\c\teamproject\tp\debug\tp.tlog\link.read.1.tlog
d:\workspace\c\teamproject\tp\debug\tp.tlog\link.write.1.tlog
d:\workspace\c\teamproject\tp\debug\tp.tlog\tp.write.1u.tlog
