game.obj : error LNK2019: SDL_GetError 외부 기호(참조 위치: init 함수)에서 확인하지 못했습니다.
game.obj : error LNK2019: SDL_RWFromFile 외부 기호(참조 위치: loadSurface 함수)에서 확인하지 못했습니다.
game.obj : error LNK2019: SDL_MapRGB 외부 기호(참조 위치: loadFromFile 함수)에서 확인하지 못했습니다.
game.obj : error LNK2019: SDL_FreeSurface 외부 기호(참조 위치: loadFromFile 함수)에서 확인하지 못했습니다.
game.obj : error LNK2019: SDL_LoadBMP_RW 외부 기호(참조 위치: loadSurface 함수)에서 확인하지 못했습니다.
game.obj : error LNK2019: SDL_SetColorKey 외부 기호(참조 위치: loadFromFile 함수)에서 확인하지 못했습니다.
game.obj : error LNK2019: SDL_CreateWindow 외부 기호(참조 위치: init 함수)에서 확인하지 못했습니다.
game.obj : error LNK2019: SDL_GetWindowSurface 외부 기호(참조 위치: init 함수)에서 확인하지 못했습니다.
game.obj : error LNK2019: SDL_DestroyWindow 외부 기호(참조 위치: close 함수)에서 확인하지 못했습니다.
game.obj : error LNK2019: SDL_CreateRenderer 외부 기호(참조 위치: init 함수)에서 확인하지 못했습니다.
game.obj : error LNK2019: SDL_CreateTextureFromSurface 외부 기호(참조 위치: loadFromFile 함수)에서 확인하지 못했습니다.
game.obj : error LNK2019: SDL_SetRenderDrawColor 외부 기호(참조 위치: init 함수)에서 확인하지 못했습니다.
main.obj : error LNK2001: SDL_SetRenderDrawColor 외부 기호를 확인할 수 없습니다.
game.obj : error LNK2019: SDL_RenderCopy 외부 기호(참조 위치: render 함수)에서 확인하지 못했습니다.
main.obj : error LNK2001: SDL_RenderCopy 외부 기호를 확인할 수 없습니다.
game.obj : error LNK2019: SDL_DestroyTexture 외부 기호(참조 위치: close 함수)에서 확인하지 못했습니다.
game.obj : error LNK2019: SDL_DestroyRenderer 외부 기호(참조 위치: close 함수)에서 확인하지 못했습니다.
game.obj : error LNK2019: SDL_Init 외부 기호(참조 위치: init 함수)에서 확인하지 못했습니다.
game.obj : error LNK2019: SDL_Quit 외부 기호(참조 위치: close 함수)에서 확인하지 못했습니다.
game.obj : error LNK2019: IMG_Init 외부 기호(참조 위치: init 함수)에서 확인하지 못했습니다.
game.obj : error LNK2019: IMG_Quit 외부 기호(참조 위치: close 함수)에서 확인하지 못했습니다.
game.obj : error LNK2019: IMG_Load 외부 기호(참조 위치: loadFromFile 함수)에서 확인하지 못했습니다.
game.obj : error LNK2019: TTF_Init 외부 기호(참조 위치: init 함수)에서 확인하지 못했습니다.
game.obj : error LNK2019: TTF_OpenFont 외부 기호(참조 위치: loadMedia 함수)에서 확인하지 못했습니다.
game.obj : error LNK2019: TTF_RenderUNICODE_Solid 외부 기호(참조 위치: loadFromRenderedText 함수)에서 확인하지 못했습니다.
game.obj : error LNK2019: TTF_CloseFont 외부 기호(참조 위치: close 함수)에서 확인하지 못했습니다.
game.obj : error LNK2019: TTF_Quit 외부 기호(참조 위치: close 함수)에서 확인하지 못했습니다.
main.obj : error LNK2019: SDL_PollEvent 외부 기호(참조 위치: SDL_main 함수)에서 확인하지 못했습니다.
main.obj : error LNK2019: SDL_RenderSetViewport 외부 기호(참조 위치: SDL_main 함수)에서 확인하지 못했습니다.
main.obj : error LNK2019: SDL_RenderClear 외부 기호(참조 위치: SDL_main 함수)에서 확인하지 못했습니다.
main.obj : error LNK2019: SDL_RenderPresent 외부 기호(참조 위치: SDL_main 함수)에서 확인하지 못했습니다.
main.obj : error LNK2019: SDL_GetTicks 외부 기호(참조 위치: SDL_main 함수)에서 확인하지 못했습니다.
timer.obj : error LNK2001: SDL_GetTicks 외부 기호를 확인할 수 없습니다.
main.obj : error LNK2019: SDL_Delay 외부 기호(참조 위치: SDL_main 함수)에서 확인하지 못했습니다.
MSVCRTD.lib(exe_main.obj) : error LNK2019: main 외부 기호(참조 위치: "int __cdecl invoke_main(void)" (?invoke_main@@YAHXZ) 함수)에서 확인하지 못했습니다.
.\SDL2-2.0.10\lib\x86\SDL2.lib : warning LNK4272: 'X86' 라이브러리 컴퓨터 종류가 'x64' 대상 컴퓨터 종류와 충돌합니다.
.\SDL2-2.0.10\lib\x86\SDL2main.lib : warning LNK4272: 'X86' 라이브러리 컴퓨터 종류가 'x64' 대상 컴퓨터 종류와 충돌합니다.
.\SDL2_image-2.0.5\lib\x86\SDL2_image.lib : warning LNK4272: 'X86' 라이브러리 컴퓨터 종류가 'x64' 대상 컴퓨터 종류와 충돌합니다.
.\SDL2_ttf-2.0.15\lib\x86\SDL2_ttf.lib : warning LNK4272: 'X86' 라이브러리 컴퓨터 종류가 'x64' 대상 컴퓨터 종류와 충돌합니다.
C:\Users\KW\Desktop\c_project-BOA2\TP\x64\Debug\TP.exe : fatal error LNK1120: 32개의 확인할 수 없는 외부 참조입니다.
